Determining if the Q_WS_WIN exist failed with the following output:
Change Dir: /home/mafiamole/projects/C++/MoleBox/build/Linux/CMakeFiles/CMakeTmp

Run Build Command:/usr/bin/gmake "cmTryCompileExec1914089150/fast"
/usr/bin/gmake -f CMakeFiles/cmTryCompileExec1914089150.dir/build.make CMakeFiles/cmTryCompileExec1914089150.dir/build
gmake[1]: Entering directory `/home/mafiamole/projects/C++/MoleBox/build/Linux/CMakeFiles/CMakeTmp'
/usr/bin/cmake -E cmake_progress_report /home/mafiamole/projects/C++/MoleBox/build/Linux/CMakeFiles/CMakeTmp/CMakeFiles 1
Building CXX object CMakeFiles/cmTryCompileExec1914089150.dir/CheckSymbolExists.cxx.o
/usr/bin/c++     -o CMakeFiles/cmTryCompileExec1914089150.dir/CheckSymbolExists.cxx.o -c /home/mafiamole/projects/C++/MoleBox/build/Linux/CMakeFiles/CMakeTmp/CheckSymbolExists.cxx
/home/mafiamole/projects/C++/MoleBox/build/Linux/CMakeFiles/CMakeTmp/CheckSymbolExists.cxx: In function ‘int main(int, char**)’:
/home/mafiamole/projects/C++/MoleBox/build/Linux/CMakeFiles/CMakeTmp/CheckSymbolExists.cxx:8:19: error: ‘Q_WS_WIN’ was not declared in this scope
gmake[1]: *** [CMakeFiles/cmTryCompileExec1914089150.dir/CheckSymbolExists.cxx.o] Error 1
gmake[1]: Leaving directory `/home/mafiamole/projects/C++/MoleBox/build/Linux/CMakeFiles/CMakeTmp'
gmake: *** [cmTryCompileExec1914089150/fast] Error 2

File /home/mafiamole/projects/C++/MoleBox/build/Linux/CMakeFiles/CMakeTmp/CheckSymbolExists.cxx:
/* */
#include <QtCore/qglobal.h>

int main(int argc, char** argv)
{
  (void)argv;
#ifndef Q_WS_WIN
  return ((int*)(&Q_WS_WIN))[argc];
#else
  (void)argc;
  return 0;
#endif
}

Determining if the Q_WS_QWS exist failed with the following output:
Change Dir: /home/mafiamole/projects/C++/MoleBox/build/Linux/CMakeFiles/CMakeTmp

Run Build Command:/usr/bin/gmake "cmTryCompileExec1908414530/fast"
/usr/bin/gmake -f CMakeFiles/cmTryCompileExec1908414530.dir/build.make CMakeFiles/cmTryCompileExec1908414530.dir/build
gmake[1]: Entering directory `/home/mafiamole/projects/C++/MoleBox/build/Linux/CMakeFiles/CMakeTmp'
/usr/bin/cmake -E cmake_progress_report /home/mafiamole/projects/C++/MoleBox/build/Linux/CMakeFiles/CMakeTmp/CMakeFiles 1
Building CXX object CMakeFiles/cmTryCompileExec1908414530.dir/CheckSymbolExists.cxx.o
/usr/bin/c++     -o CMakeFiles/cmTryCompileExec1908414530.dir/CheckSymbolExists.cxx.o -c /home/mafiamole/projects/C++/MoleBox/build/Linux/CMakeFiles/CMakeTmp/CheckSymbolExists.cxx
/home/mafiamole/projects/C++/MoleBox/build/Linux/CMakeFiles/CMakeTmp/CheckSymbolExists.cxx: In function ‘int main(int, char**)’:
/home/mafiamole/projects/C++/MoleBox/build/Linux/CMakeFiles/CMakeTmp/CheckSymbolExists.cxx:8:19: error: ‘Q_WS_QWS’ was not declared in this scope
gmake[1]: *** [CMakeFiles/cmTryCompileExec1908414530.dir/CheckSymbolExists.cxx.o] Error 1
gmake[1]: Leaving directory `/home/mafiamole/projects/C++/MoleBox/build/Linux/CMakeFiles/CMakeTmp'
gmake: *** [cmTryCompileExec1908414530/fast] Error 2

File /home/mafiamole/projects/C++/MoleBox/build/Linux/CMakeFiles/CMakeTmp/CheckSymbolExists.cxx:
/* */
#include <QtCore/qglobal.h>

int main(int argc, char** argv)
{
  (void)argv;
#ifndef Q_WS_QWS
  return ((int*)(&Q_WS_QWS))[argc];
#else
  (void)argc;
  return 0;
#endif
}

Determining if the Q_WS_MAC exist failed with the following output:
Change Dir: /home/mafiamole/projects/C++/MoleBox/build/Linux/CMakeFiles/CMakeTmp

Run Build Command:/usr/bin/gmake "cmTryCompileExec3265630508/fast"
/usr/bin/gmake -f CMakeFiles/cmTryCompileExec3265630508.dir/build.make CMakeFiles/cmTryCompileExec3265630508.dir/build
gmake[1]: Entering directory `/home/mafiamole/projects/C++/MoleBox/build/Linux/CMakeFiles/CMakeTmp'
/usr/bin/cmake -E cmake_progress_report /home/mafiamole/projects/C++/MoleBox/build/Linux/CMakeFiles/CMakeTmp/CMakeFiles 1
Building CXX object CMakeFiles/cmTryCompileExec3265630508.dir/CheckSymbolExists.cxx.o
/usr/bin/c++     -o CMakeFiles/cmTryCompileExec3265630508.dir/CheckSymbolExists.cxx.o -c /home/mafiamole/projects/C++/MoleBox/build/Linux/CMakeFiles/CMakeTmp/CheckSymbolExists.cxx
/home/mafiamole/projects/C++/MoleBox/build/Linux/CMakeFiles/CMakeTmp/CheckSymbolExists.cxx: In function ‘int main(int, char**)’:
/home/mafiamole/projects/C++/MoleBox/build/Linux/CMakeFiles/CMakeTmp/CheckSymbolExists.cxx:8:19: error: ‘Q_WS_MAC’ was not declared in this scope
gmake[1]: *** [CMakeFiles/cmTryCompileExec3265630508.dir/CheckSymbolExists.cxx.o] Error 1
gmake[1]: Leaving directory `/home/mafiamole/projects/C++/MoleBox/build/Linux/CMakeFiles/CMakeTmp'
gmake: *** [cmTryCompileExec3265630508/fast] Error 2

File /home/mafiamole/projects/C++/MoleBox/build/Linux/CMakeFiles/CMakeTmp/CheckSymbolExists.cxx:
/* */
#include <QtCore/qglobal.h>

int main(int argc, char** argv)
{
  (void)argv;
#ifndef Q_WS_MAC
  return ((int*)(&Q_WS_MAC))[argc];
#else
  (void)argc;
  return 0;
#endif
}

