Determining if the Q_WS_WIN exist failed with the following output:
Change Dir: /home/mafiamole/projects/MoleBox/build/linux/CMakeFiles/CMakeTmp

Run Build Command:/usr/bin/gmake "cmTryCompileExec2358263635/fast"
/usr/bin/gmake -f CMakeFiles/cmTryCompileExec2358263635.dir/build.make CMakeFiles/cmTryCompileExec2358263635.dir/build
gmake[1]: Entering directory `/home/mafiamole/projects/MoleBox/build/linux/CMakeFiles/CMakeTmp'
/usr/bin/cmake -E cmake_progress_report /home/mafiamole/projects/MoleBox/build/linux/CMakeFiles/CMakeTmp/CMakeFiles 1
Building CXX object CMakeFiles/cmTryCompileExec2358263635.dir/CheckSymbolExists.cxx.o
/usr/bin/c++     -o CMakeFiles/cmTryCompileExec2358263635.dir/CheckSymbolExists.cxx.o -c /home/mafiamole/projects/MoleBox/build/linux/CMakeFiles/CMakeTmp/CheckSymbolExists.cxx
/home/mafiamole/projects/MoleBox/build/linux/CMakeFiles/CMakeTmp/CheckSymbolExists.cxx: In function ‘int main(int, char**)’:
/home/mafiamole/projects/MoleBox/build/linux/CMakeFiles/CMakeTmp/CheckSymbolExists.cxx:8:19: error: ‘Q_WS_WIN’ was not declared in this scope
gmake[1]: *** [CMakeFiles/cmTryCompileExec2358263635.dir/CheckSymbolExists.cxx.o] Error 1
gmake[1]: Leaving directory `/home/mafiamole/projects/MoleBox/build/linux/CMakeFiles/CMakeTmp'
gmake: *** [cmTryCompileExec2358263635/fast] Error 2

File /home/mafiamole/projects/MoleBox/build/linux/CMakeFiles/CMakeTmp/CheckSymbolExists.cxx:
/* */
#include <QtCore/qglobal.h>

int main(int argc, char** argv)
{
  (void)argv;
#ifndef Q_WS_WIN
  return ((int*)(&Q_WS_WIN))[argc];
#else
  (void)argc;
  return 0;
#endif
}

Determining if the Q_WS_QWS exist failed with the following output:
Change Dir: /home/mafiamole/projects/MoleBox/build/linux/CMakeFiles/CMakeTmp

Run Build Command:/usr/bin/gmake "cmTryCompileExec2108535487/fast"
/usr/bin/gmake -f CMakeFiles/cmTryCompileExec2108535487.dir/build.make CMakeFiles/cmTryCompileExec2108535487.dir/build
gmake[1]: Entering directory `/home/mafiamole/projects/MoleBox/build/linux/CMakeFiles/CMakeTmp'
/usr/bin/cmake -E cmake_progress_report /home/mafiamole/projects/MoleBox/build/linux/CMakeFiles/CMakeTmp/CMakeFiles 1
Building CXX object CMakeFiles/cmTryCompileExec2108535487.dir/CheckSymbolExists.cxx.o
/usr/bin/c++     -o CMakeFiles/cmTryCompileExec2108535487.dir/CheckSymbolExists.cxx.o -c /home/mafiamole/projects/MoleBox/build/linux/CMakeFiles/CMakeTmp/CheckSymbolExists.cxx
/home/mafiamole/projects/MoleBox/build/linux/CMakeFiles/CMakeTmp/CheckSymbolExists.cxx: In function ‘int main(int, char**)’:
/home/mafiamole/projects/MoleBox/build/linux/CMakeFiles/CMakeTmp/CheckSymbolExists.cxx:8:19: error: ‘Q_WS_QWS’ was not declared in this scope
gmake[1]: Leaving directory `/home/mafiamole/projects/MoleBox/build/linux/CMakeFiles/CMakeTmp'
gmake[1]: *** [CMakeFiles/cmTryCompileExec2108535487.dir/CheckSymbolExists.cxx.o] Error 1
gmake: *** [cmTryCompileExec2108535487/fast] Error 2

File /home/mafiamole/projects/MoleBox/build/linux/CMakeFiles/CMakeTmp/CheckSymbolExists.cxx:
/* */
#include <QtCore/qglobal.h>

int main(int argc, char** argv)
{
  (void)argv;
#ifndef Q_WS_QWS
  return ((int*)(&Q_WS_QWS))[argc];
#else
  (void)argc;
  return 0;
#endif
}

Determining if the Q_WS_MAC exist failed with the following output:
Change Dir: /home/mafiamole/projects/MoleBox/build/linux/CMakeFiles/CMakeTmp

Run Build Command:/usr/bin/gmake "cmTryCompileExec1277539531/fast"
/usr/bin/gmake -f CMakeFiles/cmTryCompileExec1277539531.dir/build.make CMakeFiles/cmTryCompileExec1277539531.dir/build
gmake[1]: Entering directory `/home/mafiamole/projects/MoleBox/build/linux/CMakeFiles/CMakeTmp'
/usr/bin/cmake -E cmake_progress_report /home/mafiamole/projects/MoleBox/build/linux/CMakeFiles/CMakeTmp/CMakeFiles 1
Building CXX object CMakeFiles/cmTryCompileExec1277539531.dir/CheckSymbolExists.cxx.o
/usr/bin/c++     -o CMakeFiles/cmTryCompileExec1277539531.dir/CheckSymbolExists.cxx.o -c /home/mafiamole/projects/MoleBox/build/linux/CMakeFiles/CMakeTmp/CheckSymbolExists.cxx
/home/mafiamole/projects/MoleBox/build/linux/CMakeFiles/CMakeTmp/CheckSymbolExists.cxx: In function ‘int main(int, char**)’:
/home/mafiamole/projects/MoleBox/build/linux/CMakeFiles/CMakeTmp/CheckSymbolExists.cxx:8:19: error: ‘Q_WS_MAC’ was not declared in this scope
gmake[1]: Leaving directory `/home/mafiamole/projects/MoleBox/build/linux/CMakeFiles/CMakeTmp'
gmake[1]: *** [CMakeFiles/cmTryCompileExec1277539531.dir/CheckSymbolExists.cxx.o] Error 1
gmake: *** [cmTryCompileExec1277539531/fast] Error 2

File /home/mafiamole/projects/MoleBox/build/linux/CMakeFiles/CMakeTmp/CheckSymbolExists.cxx:
/* */
#include <QtCore/qglobal.h>

int main(int argc, char** argv)
{
  (void)argv;
#ifndef Q_WS_MAC
  return ((int*)(&Q_WS_MAC))[argc];
#else
  (void)argc;
  return 0;
#endif
}

